#
# There is insufficient memory for the Java Runtime Environment to continue.
# Native memory allocation (malloc) failed to allocate 1048576 bytes for AllocateHeap
# Possible reasons:
#   The system is out of physical RAM or swap space
#   The process is running with CompressedOops enabled, and the Java Heap may be blocking the growth of the native heap
# Possible solutions:
#   Reduce memory load on the system
#   Increase physical memory or swap space
#   Check if swap backing store is full
#   Decrease Java heap size (-Xmx/-Xms)
#   Decrease number of Java threads
#   Decrease Java thread stack sizes (-Xss)
#   Set larger code cache with -XX:ReservedCodeCacheSize=
#   JVM is running with Zero Based Compressed Oops mode in which the Java heap is
#     placed in the first 32GB address space. The Java Heap base address is the
#     maximum limit for the native heap growth. Please use -XX:HeapBaseMinAddress
#     to set the Java Heap base and to place the Java Heap above 32GB virtual address.
# This output file may be truncated or incomplete.
#
#  Out of Memory Error (./open/src/hotspot/share/memory/allocation.cpp:46), pid=554052, tid=568648
#
# JRE version: Java(TM) SE Runtime Environment 18.9 (11.0.16.1+1) (build 11.0.16.1+1-LTS-1)
# Java VM: Java HotSpot(TM) 64-Bit Server VM 18.9 (11.0.16.1+1-LTS-1, mixed mode, tiered, compressed oops, g1 gc, windows-amd64)
# No core dump will be written. Minidumps are not enabled by default on client versions of Windows
#

---------------  S U M M A R Y ------------

Command Line: -Dcom.sun.management.jmxremote -Dcom.sun.management.jmxremote.port=63480 -Dcom.sun.management.jmxremote.authenticate=false -Dcom.sun.management.jmxremote.ssl=false -Djava.rmi.server.hostname=localhost -Dspring.jmx.enabled=true -Dmanagement.endpoints.jmx.exposure.include=* -Dspring.application.admin.enabled=true -XX:TieredStopAtLevel=1 -Dspring.boot.project.name=finalproject -Dfile.encoding=UTF-8 com.mulcam.finalproject.FinalprojectApplication --spring.output.ansi.enabled=always

Host: Intel(R) Core(TM) i5-10400 CPU @ 2.90GHz, 12 cores, 15G,  Windows 10 , 64 bit Build 19041 (10.0.19041.2364)
Time: Tue Feb 14 16:59:45 2023  Windows 10 , 64 bit Build 19041 (10.0.19041.2364) elapsed time: 8.530387 seconds (0d 0h 0m 8s)

---------------  T H R E A D  ---------------

Current thread (0x0000020a7fbd4800):  VMThread "VM Thread" [stack: 0x0000006828500000,0x0000006828600000] [id=568648]

Stack: [0x0000006828500000,0x0000006828600000]
[error occurred during error reporting (printing stack bounds), id 0xc0000005, EXCEPTION_ACCESS_VIOLATION (0xc0000005) at pc=0x0000020a6a130f2d]

Native frames: (J=compiled Java code, j=interpreted, Vv=VM code, C=native code)
V  [jvm.dll+0x62a3da]
V  [jvm.dll+0x76407f]
V  [jvm.dll+0x765729]
V  [jvm.dll+0x765d15]
V  [jvm.dll+0x765ccb]
V  [jvm.dll+0x6298c3]
V  [jvm.dll+0x629fd8]
C  [ntdll.dll+0xa241f]
C  [ntdll.dll+0x514a4]
C  [ntdll.dll+0xa0f4e]
C  0x0000020a6a130f2d

VM_Operation (0x0000006827ffb4b0): CollectForMetadataAllocation, mode: safepoint, requested by thread 0x0000020a62a8f000


---------------  P R O C E S S  ---------------

Threads class SMR info:
_java_thread_list=0x0000020a0a13e400, length=22, elements={
0x0000020a62a8f000, 0x0000020a7fbd7000, 0x0000020a7fbd8800, 0x0000020a7fce9800,
0x0000020a7fceb800, 0x0000020a7fced000, 0x0000020a7fcf6000, 0x0000020a7fd01800,
0x0000020a7fe9d000, 0x0000020a06e6a800, 0x0000020a06e66000, 0x0000020a06e51000,
0x0000020a07a25800, 0x0000020a07add000, 0x0000020a07b3a000, 0x0000020a07b42000,
0x0000020a085bb000, 0x0000020a085bc800, 0x0000020a085c0000, 0x0000020a085be000,
0x0000020a085bc000, 0x0000020a085bf000
}

Java Threads: ( => current thread )
  0x0000020a62a8f000 JavaThread "main" [_thread_blocked, id=568756, stack(0x0000006827f00000,0x0000006828000000)]
  0x0000020a7fbd7000 JavaThread "Reference Handler" daemon [_thread_blocked, id=568200, stack(0x0000006828600000,0x0000006828700000)]
  0x0000020a7fbd8800 JavaThread "Finalizer" daemon [_thread_blocked, id=538404, stack(0x0000006828700000,0x0000006828800000)]
  0x0000020a7fce9800 JavaThread "Signal Dispatcher" daemon [_thread_blocked, id=568428, stack(0x0000006828800000,0x0000006828900000)]
  0x0000020a7fceb800 JavaThread "Attach Listener" daemon [_thread_blocked, id=333364, stack(0x0000006828900000,0x0000006828a00000)]
  0x0000020a7fced000 JavaThread "Service Thread" daemon [_thread_blocked, id=443824, stack(0x0000006828a00000,0x0000006828b00000)]
  0x0000020a7fcf6000 JavaThread "C1 CompilerThread0" daemon [_thread_blocked, id=559472, stack(0x0000006828b00000,0x0000006828c00000)]
  0x0000020a7fd01800 JavaThread "Sweeper thread" daemon [_thread_blocked, id=554260, stack(0x0000006828c00000,0x0000006828d00000)]
  0x0000020a7fe9d000 JavaThread "Common-Cleaner" daemon [_thread_blocked, id=550976, stack(0x0000006828d00000,0x0000006828e00000)]
  0x0000020a06e6a800 JavaThread "RMI TCP Accept-0" daemon [_thread_in_native, id=566372, stack(0x0000006828e00000,0x0000006828f00000)]
  0x0000020a06e66000 JavaThread "RMI TCP Accept-63480" daemon [_thread_in_native, id=569068, stack(0x0000006828f00000,0x0000006829000000)]
  0x0000020a06e51000 JavaThread "RMI TCP Accept-0" daemon [_thread_in_native, id=565388, stack(0x0000006829000000,0x0000006829100000)]
  0x0000020a07a25800 JavaThread "RMI TCP Connection(1)-127.0.0.1" daemon [_thread_in_native, id=565768, stack(0x0000006829800000,0x0000006829900000)]
  0x0000020a07add000 JavaThread "RMI Scheduler(0)" daemon [_thread_blocked, id=565412, stack(0x0000006829900000,0x0000006829a00000)]
  0x0000020a07b3a000 JavaThread "RMI TCP Connection(2)-127.0.0.1" daemon [_thread_in_native, id=559036, stack(0x0000006829a00000,0x0000006829b00000)]
  0x0000020a07b42000 JavaThread "JMX server connection timeout 20" daemon [_thread_blocked, id=569952, stack(0x0000006829b00000,0x0000006829c00000)]
  0x0000020a085bb000 JavaThread "Catalina-utility-1" [_thread_blocked, id=563080, stack(0x0000006829c00000,0x0000006829d00000)]
  0x0000020a085bc800 JavaThread "Catalina-utility-2" [_thread_blocked, id=436152, stack(0x0000006829f00000,0x000000682a000000)]
  0x0000020a085c0000 JavaThread "container-0" [_thread_blocked, id=568436, stack(0x000000682a000000,0x000000682a100000)]
  0x0000020a085be000 JavaThread "mysql-cj-abandoned-connection-cleanup" daemon [_thread_blocked, id=566192, stack(0x000000682a100000,0x000000682a200000)]
  0x0000020a085bc000 JavaThread "HikariPool-1 housekeeper" daemon [_thread_blocked, id=556284, stack(0x000000682a300000,0x000000682a400000)]
  0x0000020a085bf000 JavaThread "HikariPool-1 connection adder" daemon [_thread_blocked, id=565512, stack(0x000000682a600000,0x000000682a700000)]

Other Threads:
=>0x0000020a7fbd4800 VMThread "VM Thread" [stack: 0x0000006828500000,0x0000006828600000] [id=568648]
  0x0000020a06ed0000 WatcherThread [stack: 0x0000006829100000,0x0000006829200000] [id=569792]
  0x0000020a62aa5000 GCTaskThread "GC Thread#0" [stack: 0x0000006828000000,0x0000006828100000] [id=420264]
  0x0000020a07a4c000 GCTaskThread "GC Thread#1" [stack: 0x0000006829200000,0x0000006829300000] [id=557416]
  0x0000020a06f1c800 GCTaskThread "GC Thread#2" [stack: 0x0000006829300000,0x0000006829400000] [id=562876]
  0x0000020a06f1d800 GCTaskThread "GC Thread#3" [stack: 0x0000006829400000,0x0000006829500000] [id=566672]
  0x0000020a07a47000 GCTaskThread "GC Thread#4" [stack: 0x0000006829500000,0x0000006829600000] [id=570216]
  0x0000020a07a25000 GCTaskThread "GC Thread#5" [stack: 0x0000006829600000,0x0000006829700000] [id=566988]
  0x0000020a7fea9000 GCTaskThread "GC Thread#6" [stack: 0x000000682a400000,0x000000682a500000] [id=570232]
  0x0000020a7feaa000 GCTaskThread "GC Thread#7" [stack: 0x000000682a500000,0x000000682a600000] [id=552336]
  0x0000020a62b04800 ConcurrentGCThread "G1 Main Marker" [stack: 0x0000006828100000,0x0000006828200000] [id=557744]
  0x0000020a62b07000 ConcurrentGCThread "G1 Conc#0" [stack: 0x0000006828200000,0x0000006828300000] [id=566736]
  0x0000020a07d2c800 ConcurrentGCThread "G1 Conc#1" [stack: 0x0000006829d00000,0x0000006829e00000] [id=570164]
  0x0000020a07d21000 ConcurrentGCThread "G1 Conc#2" [stack: 0x0000006829e00000,0x0000006829f00000] [id=569196]
  0x0000020a7faae800 ConcurrentGCThread "G1 Refine#0" [stack: 0x0000006828300000,0x0000006828400000] [id=568860]
  0x0000020a06e69800 ConcurrentGCThread "G1 Refine#1" [stack: 0x0000006829700000,0x0000006829800000] [id=563300]
  0x0000020a7faaf800 ConcurrentGCThread "G1 Young RemSet Sampling" [stack: 0x0000006828400000,0x0000006828500000] [id=555656]

Threads with active compile tasks:

VM state:at safepoint (normal execution)

VM Mutex/Monitor currently owned by a thread:  ([mutex/lock_event])
[0x0000020a62a8ca90] Threads_lock - owner thread: 0x0000020a7fbd4800
[0x0000020a62a8c220] Heap_lock - owner thread: 0x0000020a62a8f000

Heap address: 0x0000000701400000, size: 4076 MB, Compressed Oops mode: Zero based, Oop shift amount: 3
Narrow klass base: 0x0000000800000000, Narrow klass shift: 0
Compressed class space size: 1073741824 Address: 0x0000000800000000

Heap:
 garbage-first heap   total 262144K, used 28555K [0x0000000701400000, 0x0000000800000000)
  region size 1024K, 12 young (12288K), 12 survivors (12288K)
 Metaspace       used 64349K, capacity 65998K, committed 66048K, reserved 1118208K
  class space    used 8731K, capacity 9423K, committed 9472K, reserved 1048576K
Heap Regions: E=young(eden), S=young(survivor), O=old, HS=humongous(starts), HC=humongous(continues), CS=collection set, F=free, A=archive, TAMS=top-at-mark-start (previous, next)
|   0|0x0000000701400000, 0x0000000701500000, 0x0000000701500000|100%|HS|  |TAMS 0x0000000701500000, 0x0000000701500000| Complete 
|   1|0x0000000701500000, 0x0000000701600000, 0x0000000701600000|100%| O|  |TAMS 0x0000000701600000, 0x0000000701600000| Untracked 
|   2|0x0000000701600000, 0x0000000701700000, 0x0000000701700000|100%| O|  |TAMS 0x0000000701700000, 0x0000000701700000| Untracked 
|   3|0x0000000701700000, 0x0000000701800000, 0x0000000701800000|100%| O|  |TAMS 0x0000000701800000, 0x0000000701800000| Untracked 
|   4|0x0000000701800000, 0x0000000701900000, 0x0000000701900000|100%| O|  |TAMS 0x0000000701900000, 0x0000000701900000| Untracked 
|   5|0x0000000701900000, 0x0000000701a00000, 0x0000000701a00000|100%| O|  |TAMS 0x0000000701a00000, 0x0000000701a00000| Untracked 
|   6|0x0000000701a00000, 0x0000000701b00000, 0x0000000701b00000|100%| O|  |TAMS 0x0000000701b00000, 0x0000000701b00000| Untracked 
|   7|0x0000000701b00000, 0x0000000701c00000, 0x0000000701c00000|100%| O|  |TAMS 0x0000000701c00000, 0x0000000701c00000| Untracked 
|   8|0x0000000701c00000, 0x0000000701d00000, 0x0000000701d00000|100%| O|  |TAMS 0x0000000701d00000, 0x0000000701d00000| Untracked 
|   9|0x0000000701d00000, 0x0000000701e00000, 0x0000000701e00000|100%| O|  |TAMS 0x0000000701e00000, 0x0000000701e00000| Untracked 
|  10|0x0000000701e00000, 0x0000000701f00000, 0x0000000701f00000|100%| O|  |TAMS 0x0000000701f00000, 0x0000000701f00000| Untracked 
|  11|0x0000000701f00000, 0x0000000702000000, 0x0000000702000000|100%| O|  |TAMS 0x0000000702000000, 0x0000000702000000| Untracked 
|  12|0x0000000702000000, 0x0000000702100000, 0x0000000702100000|100%| O|  |TAMS 0x0000000702100000, 0x0000000702100000| Untracked 
|  13|0x0000000702100000, 0x0000000702200000, 0x0000000702200000|100%| O|  |TAMS 0x0000000702200000, 0x0000000702200000| Untracked 
|  14|0x0000000702200000, 0x0000000702300000, 0x0000000702300000|100%| O|  |TAMS 0x0000000702300000, 0x0000000702300000| Untracked 
|  15|0x0000000702300000, 0x0000000702400000, 0x0000000702400000|100%| O|  |TAMS 0x0000000702400000, 0x0000000702400000| Untracked 
|  16|0x0000000702400000, 0x00000007024aa800, 0x0000000702500000| 66%| O|  |TAMS 0x00000007024aa800, 0x00000007024aa800| Untracked 
|  17|0x0000000702500000, 0x0000000702500000, 0x0000000702600000|  0%| F|  |TAMS 0x0000000702500000, 0x0000000702500000| Untracked 
|  18|0x0000000702600000, 0x0000000702600000, 0x0000000702700000|  0%| F|  |TAMS 0x0000000702600000, 0x0000000702600000| Untracked 
|  19|0x0000000702700000, 0x0000000702700000, 0x0000000702800000|  0%| F|  |TAMS 0x0000000702700000, 0x0000000702700000| Untracked 
|  20|0x0000000702800000, 0x0000000702800000, 0x0000000702900000|  0%| F|  |TAMS 0x0000000702800000, 0x0000000702800000| Untracked 
|  21|0x0000000702900000, 0x0000000702900000, 0x0000000702a00000|  0%| F|  |TAMS 0x0000000702900000, 0x0000000702900000| Untracked 
|  22|0x0000000702a00000, 0x0000000702a00000, 0x0000000702b00000|  0%| F|  |TAMS 0x0000000702a00000, 0x0000000702a00000| Untracked 
|  23|0x0000000702b00000, 0x0000000702b00000, 0x0000000702c00000|  0%| F|  |TAMS 0x0000000702b00000, 0x0000000702b00000| Untracked 
|  24|0x0000000702c00000, 0x0000000702c00000, 0x0000000702d00000|  0%| F|  |TAMS 0x0000000702c00000, 0x0000000702c00000| Untracked 
|  25|0x0000000702d00000, 0x0000000702d00000, 0x0000000702e00000|  0%| F|  |TAMS 0x0000000702d00000, 0x0000000702d00000| Untracked 
|  26|0x0000000702e00000, 0x0000000702e00000, 0x0000000702f00000|  0%| F|  |TAMS 0x0000000702e00000, 0x0000000702e00000| Untracked 
|  27|0x0000000702f00000, 0x0000000702f00000, 0x0000000703000000|  0%| F|  |TAMS 0x0000000702f00000, 0x0000000702f00000| Untracked 
|  28|0x0000000703000000, 0x0000000703000000, 0x0000000703100000|  0%| F|  |TAMS 0x0000000703000000, 0x0000000703000000| Untracked 
|  29|0x0000000703100000, 0x0000000703100000, 0x0000000703200000|  0%| F|  |TAMS 0x0000000703100000, 0x0000000703100000| Untracked 
|  30|0x0000000703200000, 0x0000000703200000, 0x0000000703300000|  0%| F|  |TAMS 0x0000000703200000, 0x0000000703200000| Untracked 
|  31|0x0000000703300000, 0x0000000703300000, 0x0000000703400000|  0%| F|  |TAMS 0x0000000703300000, 0x0000000703300000| Untracked 
|  32|0x0000000703400000, 0x0000000703400000, 0x0000000703500000|  0%| F|  |TAMS 0x0000000703400000, 0x0000000703400000| Untracked 
|  33|0x0000000703500000, 0x0000000703500000, 0x0000000703600000|  0%| F|  |TAMS 0x0000000703500000, 0x0000000703500000| Untracked 
|  34|0x0000000703600000, 0x0000000703600000, 0x0000000703700000|  0%| F|  |TAMS 0x0000000703600000, 0x0000000703600000| Untracked 
|  35|0x0000000703700000, 0x0000000703700000, 0x0000000703800000|  0%| F|  |TAMS 0x0000000703700000, 0x0000000703700000| Untracked 
|  36|0x0000000703800000, 0x0000000703800000, 0x0000000703900000|  0%| F|  |TAMS 0x0000000703800000, 0x0000000703800000| Untracked 
|  37|0x0000000703900000, 0x0000000703900000, 0x0000000703a00000|  0%| F|  |TAMS 0x0000000703900000, 0x0000000703900000| Untracked 
|  38|0x0000000703a00000, 0x0000000703a00000, 0x0000000703b00000|  0%| F|  |TAMS 0x0000000703a00000, 0x0000000703a00000| Untracked 
|  39|0x0000000703b00000, 0x0000000703b00000, 0x0000000703c00000|  0%| F|  |TAMS 0x0000000703b00000, 0x0000000703b00000| Untracked 
|  40|0x0000000703c00000, 0x0000000703c00000, 0x0000000703d00000|  0%| F|  |TAMS 0x0000000703c00000, 0x0000000703c00000| Untracked 
|  41|0x0000000703d00000, 0x0000000703d00000, 0x0000000703e00000|  0%| F|  |TAMS 0x0000000703d00000, 0x0000000703d00000| Untracked 
|  42|0x0000000703e00000, 0x0000000703e00000, 0x0000000703f00000|  0%| F|  |TAMS 0x0000000703e00000, 0x0000000703e00000| Untracked 
|  43|0x0000000703f00000, 0x0000000703f00000, 0x0000000704000000|  0%| F|  |TAMS 0x0000000703f00000, 0x0000000703f00000| Untracked 
|  44|0x0000000704000000, 0x0000000704000000, 0x0000000704100000|  0%| F|  |TAMS 0x0000000704000000, 0x0000000704000000| Untracked 
|  45|0x0000000704100000, 0x0000000704100000, 0x0000000704200000|  0%| F|  |TAMS 0x0000000704100000, 0x0000000704100000| Untracked 
|  46|0x0000000704200000, 0x0000000704200000, 0x0000000704300000|  0%| F|  |TAMS 0x0000000704200000, 0x0000000704200000| Untracked 
|  47|0x0000000704300000, 0x0000000704300000, 0x0000000704400000|  0%| F|  |TAMS 0x0000000704300000, 0x0000000704300000| Untracked 
|  48|0x0000000704400000, 0x0000000704400000, 0x0000000704500000|  0%| F|  |TAMS 0x0000000704400000, 0x0000000704400000| Untracked 
|  49|0x0000000704500000, 0x0000000704500000, 0x0000000704600000|  0%| F|  |TAMS 0x0000000704500000, 0x0000000704500000| Untracked 
|  50|0x0000000704600000, 0x0000000704600000, 0x0000000704700000|  0%| F|  |TAMS 0x0000000704600000, 0x0000000704600000| Untracked 
|  51|0x0000000704700000, 0x0000000704700000, 0x0000000704800000|  0%| F|  |TAMS 0x0000000704700000, 0x0000000704700000| Untracked 
|  52|0x0000000704800000, 0x0000000704800000, 0x0000000704900000|  0%| F|  |TAMS 0x0000000704800000, 0x0000000704800000| Untracked 
|  53|0x0000000704900000, 0x0000000704900000, 0x0000000704a00000|  0%| F|  |TAMS 0x0000000704900000, 0x0000000704900000| Untracked 
|  54|0x0000000704a00000, 0x0000000704a00000, 0x0000000704b00000|  0%| F|  |TAMS 0x0000000704a00000, 0x0000000704a00000| Untracked 
|  55|0x0000000704b00000, 0x0000000704b00000, 0x0000000704c00000|  0%| F|  |TAMS 0x0000000704b00000, 0x0000000704b00000| Untracked 
|  56|0x0000000704c00000, 0x0000000704c00000, 0x0000000704d00000|  0%| F|  |TAMS 0x0000000704c00000, 0x0000000704c00000| Untracked 
|  57|0x0000000704d00000, 0x0000000704d00000, 0x0000000704e00000|  0%| F|  |TAMS 0x0000000704d00000, 0x0000000704d00000| Untracked 
|  58|0x0000000704e00000, 0x0000000704e00000, 0x0000000704f00000|  0%| F|  |TAMS 0x0000000704e00000, 0x0000000704e00000| Untracked 
|  59|0x0000000704f00000, 0x0000000704f00000, 0x0000000705000000|  0%| F|  |TAMS 0x0000000704f00000, 0x0000000704f00000| Untracked 
|  60|0x0000000705000000, 0x0000000705000000, 0x0000000705100000|  0%| F|  |TAMS 0x0000000705000000, 0x0000000705000000| Untracked 
|  61|0x0000000705100000, 0x0000000705100000, 0x0000000705200000|  0%| F|  |TAMS 0x0000000705100000, 0x0000000705100000| Untracked 
|  62|0x0000000705200000, 0x0000000705200000, 0x0000000705300000|  0%| F|  |TAMS 0x0000000705200000, 0x0000000705200000| Untracked 
|  63|0x0000000705300000, 0x0000000705300000, 0x0000000705400000|  0%| F|  |TAMS 0x0000000705300000, 0x0000000705300000| Untracked 
|  64|0x0000000705400000, 0x0000000705400000, 0x0000000705500000|  0%| F|  |TAMS 0x0000000705400000, 0x0000000705400000| Untracked 
|  65|0x0000000705500000, 0x0000000705500000, 0x0000000705600000|  0%| F|  |TAMS 0x0000000705500000, 0x0000000705500000| Untracked 
|  66|0x0000000705600000, 0x0000000705600000, 0x0000000705700000|  0%| F|  |TAMS 0x0000000705600000, 0x0000000705600000| Untracked 
|  67|0x0000000705700000, 0x0000000705700000, 0x0000000705800000|  0%| F|  |TAMS 0x0000000705700000, 0x0000000705700000| Untracked 
|  68|0x0000000705800000, 0x0000000705800000, 0x0000000705900000|  0%| F|  |TAMS 0x0000000705800000, 0x0000000705800000| Untracked 
|  69|0x0000000705900000, 0x0000000705900000, 0x0000000705a00000|  0%| F|  |TAMS 0x0000000705900000, 0x0000000705900000| Untracked 
|  70|0x0000000705a00000, 0x0000000705a00000, 0x0000000705b00000|  0%| F|  |TAMS 0x0000000705a00000, 0x0000000705a00000| Untracked 
|  71|0x0000000705b00000, 0x0000000705b00000, 0x0000000705c00000|  0%| F|  |TAMS 0x0000000705b00000, 0x0000000705b00000| Untracked 
|  72|0x0000000705c00000, 0x0000000705c00000, 0x0000000705d00000|  0%| F|  |TAMS 0x0000000705c00000, 0x0000000705c00000| Untracked 
|  73|0x0000000705d00000, 0x0000000705d00000, 0x0000000705e00000|  0%| F|  |TAMS 0x0000000705d00000, 0x0000000705d00000| Untracked 
|  74|0x0000000705e00000, 0x0000000705e00000, 0x0000000705f00000|  0%| F|  |TAMS 0x0000000705e00000, 0x0000000705e00000| Untracked 
|  75|0x0000000705f00000, 0x0000000705f00000, 0x0000000706000000|  0%| F|  |TAMS 0x0000000705f00000, 0x0000000705f00000| Untracked 
|  76|0x0000000706000000, 0x0000000706000000, 0x0000000706100000|  0%| F|  |TAMS 0x0000000706000000, 0x0000000706000000| Untracked 
|  77|0x0000000706100000, 0x0000000706100000, 0x0000000706200000|  0%| F|  |TAMS 0x0000000706100000, 0x0000000706100000| Untracked 
|  78|0x0000000706200000, 0x0000000706200000, 0x0000000706300000|  0%| F|  |TAMS 0x0000000706200000, 0x0000000706200000| Untracked 
|  79|0x0000000706300000, 0x0000000706300000, 0x0000000706400000|  0%| F|  |TAMS 0x0000000706300000, 0x0000000706300000| Untracked 
|  80|0x0000000706400000, 0x0000000706400000, 0x0000000706500000|  0%| F|  |TAMS 0x0000000706400000, 0x0000000706400000| Untracked 
|  81|0x0000000706500000, 0x0000000706500000, 0x0000000706600000|  0%| F|  |TAMS 0x0000000706500000, 0x0000000706500000| Untracked 
|  82|0x0000000706600000, 0x0000000706600000, 0x0000000706700000|  0%| F|  |TAMS 0x0000000706600000, 0x0000000706600000| Untracked 
|  83|0x0000000706700000, 0x0000000706700000, 0x0000000706800000|  0%| F|  |TAMS 0x0000000706700000, 0x0000000706700000| Untracked 
|  84|0x0000000706800000, 0x0000000706800000, 0x0000000706900000|  0%| F|  |TAMS 0x0000000706800000, 0x0000000706800000| Untracked 
|  85|0x0000000706900000, 0x0000000706900000, 0x0000000706a00000|  0%| F|  |TAMS 0x0000000706900000, 0x0000000706900000| Untracked 
|  86|0x0000000706a00000, 0x0000000706a00000, 0x0000000706b00000|  0%| F|  |TAMS 0x0000000706a00000, 0x0000000706a00000| Untracked 
|  87|0x0000000706b00000, 0x0000000706b00000, 0x0000000706c00000|  0%| F|  |TAMS 0x0000000706b00000, 0x0000000706b00000| Untracked 
|  88|0x0000000706c00000, 0x0000000706c00000, 0x0000000706d00000|  0%| F|  |TAMS 0x0000000706c00000, 0x0000000706c00000| Untracked 
|  89|0x0000000706d00000, 0x0000000706d00000, 0x0000000706e00000|  0%| F|  |TAMS 0x0000000706d00000, 0x0000000706d00000| Untracked 
|  90|0x0000000706e00000, 0x0000000706e00000, 0x0000000706f00000|  0%| F|  |TAMS 0x0000000706e00000, 0x0000000706e00000| Untracked 
|  91|0x0000000706f00000, 0x0000000706f00000, 0x0000000707000000|  0%| F|  |TAMS 0x0000000706f00000, 0x0000000706f00000| Untracked 
|  92|0x0000000707000000, 0x0000000707000000, 0x0000000707100000|  0%| F|  |TAMS 0x0000000707000000, 0x0000000707000000| Untracked 
|  93|0x0000000707100000, 0x0000000707100000, 0x0000000707200000|  0%| F|  |TAMS 0x0000000707100000, 0x0000000707100000| Untracked 
|  94|0x0000000707200000, 0x0000000707200000, 0x0000000707300000|  0%| F|  |TAMS 0x0000000707200000, 0x0000000707200000| Untracked 
|  95|0x0000000707300000, 0x0000000707300000, 0x0000000707400000|  0%| F|  |TAMS 0x0000000707300000, 0x0000000707300000| Untracked 
|  96|0x0000000707400000, 0x0000000707400000, 0x0000000707500000|  0%| F|  |TAMS 0x0000000707400000, 0x0000000707400000| Untracked 
|  97|0x0000000707500000, 0x0000000707500000, 0x0000000707600000|  0%| F|  |TAMS 0x0000000707500000, 0x0000000707500000| Untracked 
|  98|0x0000000707600000, 0x0000000707600000, 0x0000000707700000|  0%| F|  |TAMS 0x0000000707600000, 0x0000000707600000| Untracked 
|  99|0x0000000707700000, 0x0000000707700000, 0x0000000707800000|  0%| F|  |TAMS 0x0000000707700000, 0x0000000707700000| Untracked 
| 100|0x0000000707800000, 0x0000000707800000, 0x0000000707900000|  0%| F|  |TAMS 0x0000000707800000, 0x0000000707800000| Untracked 
| 101|0x0000000707900000, 0x0000000707900000, 0x0000000707a00000|  0%| F|  |TAMS 0x0000000707900000, 0x0000000707900000| Untracked 
| 102|0x0000000707a00000, 0x0000000707a00000, 0x0000000707b00000|  0%| F|  |TAMS 0x0000000707a00000, 0x0000000707a00000| Untracked 
| 103|0x0000000707b00000, 0x0000000707b00000, 0x0000000707c00000|  0%| F|  |TAMS 0x0000000707b00000, 0x0000000707b00000| Untracked 
| 104|0x0000000707c00000, 0x0000000707c00000, 0x0000000707d00000|  0%| F|  |TAMS 0x0000000707c00000, 0x0000000707c00000| Untracked 
| 105|0x0000000707d00000, 0x0000000707d00000, 0x0000000707e00000|  0%| F|  |TAMS 0x0000000707d00000, 0x0000000707d00000| Untracked 
| 106|0x0000000707e00000, 0x0000000707e00000, 0x0000000707f00000|  0%| F|  |TAMS 0x0000000707e00000, 0x0000000707e00000| Untracked 
| 107|0x0000000707f00000, 0x0000000707f00000, 0x0000000708000000|  0%| F|  |TAMS 0x0000000707f00000, 0x0000000707f00000| Untracked 
| 108|0x0000000708000000, 0x0000000708000000, 0x0000000708100000|  0%| F|  |TAMS 0x0000000708000000, 0x0000000708000000| Untracked 
| 109|0x0000000708100000, 0x0000000708100000, 0x0000000708200000|  0%| F|  |TAMS 0x0000000708100000, 0x0000000708100000| Untracked 
| 110|0x0000000708200000, 0x0000000708200000, 0x0000000708300000|  0%| F|  |TAMS 0x0000000708200000, 0x0000000708200000| Untracked 
| 111|0x0000000708300000, 0x0000000708300000, 0x0000000708400000|  0%| F|  |TAMS 0x0000000708300000, 0x0000000708300000| Untracked 
| 112|0x0000000708400000, 0x0000000708400000, 0x0000000708500000|  0%| F|  |TAMS 0x0000000708400000, 0x0000000708400000| Untracked 
| 113|0x0000000708500000, 0x0000000708500000, 0x0000000708600000|  0%| F|  |TAMS 0x0000000708500000, 0x0000000708500000| Untracked 
| 114|0x0000000708600000, 0x0000000708600000, 0x0000000708700000|  0%| F|  |TAMS 0x0000000708600000, 0x0000000708600000| Untracked 
| 115|0x0000000708700000, 0x0000000708700000, 0x0000000708800000|  0%| F|  |TAMS 0x0000000708700000, 0x0000000708700000| Untracked 
| 116|0x0000000708800000, 0x0000000708800000, 0x0000000708900000|  0%| F|  |TAMS 0x0000000708800000, 0x0000000708800000| Untracked 
| 117|0x0000000708900000, 0x0000000708900000, 0x0000000708a00000|  0%| F|  |TAMS 0x0000000708900000, 0x0000000708900000| Untracked 
| 118|0x0000000708a00000, 0x0000000708a00000, 0x0000000708b00000|  0%| F|  |TAMS 0x0000000708a00000, 0x0000000708a00000| Untracked 
| 119|0x0000000708b00000, 0x0000000708b00000, 0x0000000708c00000|  0%| F|  |TAMS 0x0000000708b00000, 0x0000000708b00000| Untracked 
| 120|0x0000000708c00000, 0x0000000708c00000, 0x0000000708d00000|  0%| F|  |TAMS 0x0000000708c00000, 0x0000000708c00000| Untracked 
| 121|0x0000000708d00000, 0x0000000708d00000, 0x0000000708e00000|  0%| F|  |TAMS 0x0000000708d00000, 0x0000000708d00000| Untracked 
| 122|0x0000000708e00000, 0x0000000708e00000, 0x0000000708f00000|  0%| F|  |TAMS 0x0000000708e00000, 0x0000000708e00000| Untracked 
| 123|0x0000000708f00000, 0x0000000708f00000, 0x0000000709000000|  0%| F|  |TAMS 0x0000000708f00000, 0x0000000708f00000| Untracked 
| 124|0x0000000709000000, 0x0000000709000000, 0x0000000709100000|  0%| F|  |TAMS 0x0000000709000000, 0x0000000709000000| Untracked 
| 125|0x0000000709100000, 0x0000000709100000, 0x0000000709200000|  0%| F|  |TAMS 0x0000000709100000, 0x0000000709100000| Untracked 
| 126|0x0000000709200000, 0x0000000709200000, 0x0000000709300000|  0%| F|  |TAMS 0x0000000709200000, 0x0000000709200000| Untracked 
| 127|0x0000000709300000, 0x0000000709300000, 0x0000000709400000|  0%| F|  |TAMS 0x0000000709300000, 0x0000000709300000| Untracked 
| 128|0x0000000709400000, 0x0000000709400000, 0x0000000709500000|  0%| F|  |TAMS 0x0000000709400000, 0x0000000709400000| Untracked 
| 129|0x0000000709500000, 0x0000000709500000, 0x0000000709600000|  0%| F|  |TAMS 0x0000000709500000, 0x0000000709500000| Untracked 
| 130|0x0000000709600000, 0x0000000709600000, 0x0000000709700000|  0%| F|  |TAMS 0x0000000709600000, 0x0000000709600000| Untracked 
| 131|0x0000000709700000, 0x0000000709700000, 0x0000000709800000|  0%| F|  |TAMS 0x0000000709700000, 0x0000000709700000| Untracked 
| 132|0x0000000709800000, 0x0000000709800000, 0x0000000709900000|  0%| F|  |TAMS 0x0000000709800000, 0x0000000709800000| Untracked 
| 133|0x0000000709900000, 0x0000000709900000, 0x0000000709a00000|  0%| F|  |TAMS 0x0000000709900000, 0x0000000709900000| Untracked 
| 134|0x0000000709a00000, 0x0000000709a00000, 0x0000000709b00000|  0%| F|  |TAMS 0x0000000709a00000, 0x0000000709a00000| Untracked 
| 135|0x0000000709b00000, 0x0000000709b00000, 0x0000000709c00000|  0%| F|  |TAMS 0x0000000709b00000, 0x0000000709b00000| Untracked 
| 136|0x0000000709c00000, 0x0000000709c00000, 0x0000000709d00000|  0%| F|  |TAMS 0x0000000709c00000, 0x0000000709c00000| Untracked 
| 137|0x0000000709d00000, 0x0000000709d00000, 0x0000000709e00000|  0%| F|  |TAMS 0x0000000709d00000, 0x0000000709d00000| Untracked 
| 138|0x0000000709e00000, 0x0000000709e00000, 0x0000000709f00000|  0%| F|  |TAMS 0x0000000709e00000, 0x0000000709e00000| Untracked 
| 139|0x0000000709f00000, 0x0000000709f00000, 0x000000070a000000|  0%| F|  |TAMS 0x0000000709f00000, 0x0000000709f00000| Untracked 
| 140|0x000000070a000000, 0x000000070a038768, 0x000000070a100000| 22%| S|CS|TAMS 0x000000070a000000, 0x000000070a000000| Complete 
| 141|0x000000070a100000, 0x000000070a200000, 0x000000070a200000|100%| S|CS|TAMS 0x000000070a100000, 0x000000070a100000| Complete 
| 142|0x000000070a200000, 0x000000070a300000, 0x000000070a300000|100%| S|CS|TAMS 0x000000070a200000, 0x000000070a200000| Complete 
| 143|0x000000070a300000, 0x000000070a400000, 0x000000070a400000|100%| S|CS|TAMS 0x000000070a300000, 0x000000070a300000| Complete 
| 144|0x000000070a400000, 0x000000070a500000, 0x000000070a500000|100%| S|CS|TAMS 0x000000070a400000, 0x000000070a400000| Complete 
| 145|0x000000070a500000, 0x000000070a600000, 0x000000070a600000|100%| S|CS|TAMS 0x000000070a500000, 0x000000070a500000| Complete 
| 146|0x000000070a600000, 0x000000070a700000, 0x000000070a700000|100%| S|CS|TAMS 0x000000070a600000, 0x000000070a600000| Complete 
| 147|0x000000070a700000, 0x000000070a800000, 0x000000070a800000|100%| S|CS|TAMS 0x000000070a700000, 0x000000070a700000| Complete 
| 148|0x000000070a800000, 0x000000070a900000, 0x000000070a900000|100%| S|CS|TAMS 0x000000070a800000, 0x000000070a800000| Complete 
| 149|0x000000070a900000, 0x000000070aa00000, 0x000000070aa00000|100%| S|CS|TAMS 0x000000070a900000, 0x000000070a900000| Complete 
| 150|0x000000070aa00000, 0x000000070ab00000, 0x000000070ab00000|100%| S|CS|TAMS 0x000000070aa00000, 0x000000070aa00000| Complete 
| 151|0x000000070ab00000, 0x000000070ac00000, 0x000000070ac00000|100%| S|CS|TAMS 0x000000070ab00000, 0x000000070ab00000| Complete 
| 152|0x000000070ac00000, 0x000000070ac00000, 0x000000070ad00000|  0%| F|  |TAMS 0x000000070ac00000, 0x000000070ac00000| Untracked 
| 153|0x000000070ad00000, 0x000000070ad00000, 0x000000070ae00000|  0%| F|  |TAMS 0x000000070ad00000, 0x000000070ad00000| Untracked 
| 154|0x000000070ae00000, 0x000000070ae00000, 0x000000070af00000|  0%| F|  |TAMS 0x000000070ae00000, 0x000000070ae00000| Untracked 
| 155|0x000000070af00000, 0x000000070af00000, 0x000000070b000000|  0%| F|  |TAMS 0x000000070af00000, 0x000000070af00000| Untracked 
| 156|0x000000070b000000, 0x000000070b000000, 0x000000070b100000|  0%| F|  |TAMS 0x000000070b000000, 0x000000070b000000| Untracked 
| 157|0x000000070b100000, 0x000000070b100000, 0x000000070b200000|  0%| F|  |TAMS 0x000000070b100000, 0x000000070b100000| Untracked 
| 158|0x000000070b200000, 0x000000070b200000, 0x000000070b300000|  0%| F|  |TAMS 0x000000070b200000, 0x000000070b200000| Untracked 
| 159|0x000000070b300000, 0x000000070b300000, 0x000000070b400000|  0%| F|  |TAMS 0x000000070b300000, 0x000000070b300000| Untracked 
| 160|0x000000070b400000, 0x000000070b400000, 0x000000070b500000|  0%| F|  |TAMS 0x000000070b400000, 0x000000070b400000| Untracked 
| 161|0x000000070b500000, 0x000000070b500000, 0x000000070b600000|  0%| F|  |TAMS 0x000000070b500000, 0x000000070b500000| Untracked 
| 162|0x000000070b600000, 0x000000070b600000, 0x000000070b700000|  0%| F|  |TAMS 0x000000070b600000, 0x000000070b600000| Untracked 
| 163|0x000000070b700000, 0x000000070b700000, 0x000000070b800000|  0%| F|  |TAMS 0x000000070b700000, 0x000000070b700000| Untracked 
| 164|0x000000070b800000, 0x000000070b800000, 0x000000070b900000|  0%| F|  |TAMS 0x000000070b800000, 0x000000070b800000| Untracked 
| 165|0x000000070b900000, 0x000000070b900000, 0x000000070ba00000|  0%| F|  |TAMS 0x000000070b900000, 0x000000070b900000| Untracked 
| 166|0x000000070ba00000, 0x000000070ba00000, 0x000000070bb00000|  0%| F|  |TAMS 0x000000070ba00000, 0x000000070ba00000| Untracked 
| 167|0x000000070bb00000, 0x000000070bb00000, 0x000000070bc00000|  0%| F|  |TAMS 0x000000070bb00000, 0x000000070bb00000| Untracked 
| 168|0x000000070bc00000, 0x000000070bc00000, 0x000000070bd00000|  0%| F|  |TAMS 0x000000070bc00000, 0x000000070bc00000| Untracked 
| 169|0x000000070bd00000, 0x000000070bd00000, 0x000000070be00000|  0%| F|  |TAMS 0x000000070bd00000, 0x000000070bd00000| Untracked 
| 170|0x000000070be00000, 0x000000070be00000, 0x000000070bf00000|  0%| F|  |TAMS 0x000000070be00000, 0x000000070be00000| Untracked 
| 171|0x000000070bf00000, 0x000000070bf00000, 0x000000070c000000|  0%| F|  |TAMS 0x000000070bf00000, 0x000000070bf00000| Untracked 
| 172|0x000000070c000000, 0x000000070c000000, 0x000000070c100000|  0%| F|  |TAMS 0x000000070c000000, 0x000000070c000000| Untracked 
| 173|0x000000070c100000, 0x000000070c100000, 0x000000070c200000|  0%| F|  |TAMS 0x000000070c100000, 0x000000070c100000| Untracked 
| 174|0x000000070c200000, 0x000000070c200000, 0x000000070c300000|  0%| F|  |TAMS 0x000000070c200000, 0x000000070c200000| Untracked 
| 175|0x000000070c300000, 0x000000070c300000, 0x000000070c400000|  0%| F|  |TAMS 0x000000070c300000, 0x000000070c300000| Untracked 
| 176|0x000000070c400000, 0x000000070c400000, 0x000000070c500000|  0%| F|  |TAMS 0x000000070c400000, 0x000000070c400000| Untracked 
| 177|0x000000070c500000, 0x000000070c500000, 0x000000070c600000|  0%| F|  |TAMS 0x000000070c500000, 0x000000070c500000| Untracked 
| 178|0x000000070c600000, 0x000000070c600000, 0x000000070c700000|  0%| F|  |TAMS 0x000000070c600000, 0x000000070c600000| Untracked 
| 179|0x000000070c700000, 0x000000070c700000, 0x000000070c800000|  0%| F|  |TAMS 0x000000070c700000, 0x000000070c700000| Untracked 
| 180|0x000000070c800000, 0x000000070c800000, 0x000000070c900000|  0%| F|  |TAMS 0x000000070c800000, 0x000000070c800000| Untracked 
| 181|0x000000070c900000, 0x000000070c900000, 0x000000070ca00000|  0%| F|  |TAMS 0x000000070c900000, 0x000000070c900000| Untracked 
| 182|0x000000070ca00000, 0x000000070ca00000, 0x000000070cb00000|  0%| F|  |TAMS 0x000000070ca00000, 0x000000070ca00000| Untracked 
| 183|0x000000070cb00000, 0x000000070cb00000, 0x000000070cc00000|  0%| F|  |TAMS 0x000000070cb00000, 0x000000070cb00000| Untracked 
| 184|0x000000070cc00000, 0x000000070cc00000, 0x000000070cd00000|  0%| F|  |TAMS 0x000000070cc00000, 0x000000070cc00000| Untracked 
| 185|0x000000070cd00000, 0x000000070cd00000, 0x000000070ce00000|  0%| F|  |TAMS 0x000000070cd00000, 0x000000070cd00000| Untracked 
| 186|0x000000070ce00000, 0x000000070ce00000, 0x000000070cf00000|  0%| F|  |TAMS 0x000000070ce00000, 0x000000070ce00000| Untracked 
| 187|0x000000070cf00000, 0x000000070cf00000, 0x000000070d000000|  0%| F|  |TAMS 0x000000070cf00000, 0x000000070cf00000| Untracked 
| 188|0x000000070d000000, 0x000000070d000000, 0x000000070d100000|  0%| F|  |TAMS 0x000000070d000000, 0x000000070d000000| Untracked 
| 189|0x000000070d100000, 0x000000070d100000, 0x000000070d200000|  0%| F|  |TAMS 0x000000070d100000, 0x000000070d100000| Untracked 
| 190|0x000000070d200000, 0x000000070d200000, 0x000000070d300000|  0%| F|  |TAMS 0x000000070d200000, 0x000000070d200000| Untracked 
| 191|0x000000070d300000, 0x000000070d300000, 0x000000070d400000|  0%| F|  |TAMS 0x000000070d300000, 0x000000070d300000| Untracked 
| 192|0x000000070d400000, 0x000000070d400000, 0x000000070d500000|  0%| F|  |TAMS 0x000000070d400000, 0x000000070d400000| Untracked 
| 193|0x000000070d500000, 0x000000070d500000, 0x000000070d600000|  0%| F|  |TAMS 0x000000070d500000, 0x000000070d500000| Untracked 
| 194|0x000000070d600000, 0x000000070d600000, 0x000000070d700000|  0%| F|  |TAMS 0x000000070d600000, 0x000000070d600000| Untracked 
| 195|0x000000070d700000, 0x000000070d700000, 0x000000070d800000|  0%| F|  |TAMS 0x000000070d700000, 0x000000070d700000| Untracked 
| 196|0x000000070d800000, 0x000000070d800000, 0x000000070d900000|  0%| F|  |TAMS 0x000000070d800000, 0x000000070d800000| Untracked 
| 197|0x000000070d900000, 0x000000070d900000, 0x000000070da00000|  0%| F|  |TAMS 0x000000070d900000, 0x000000070d900000| Untracked 
| 198|0x000000070da00000, 0x000000070da00000, 0x000000070db00000|  0%| F|  |TAMS 0x000000070da00000, 0x000000070da00000| Untracked 
| 199|0x000000070db00000, 0x000000070db00000, 0x000000070dc00000|  0%| F|  |TAMS 0x000000070db00000, 0x000000070db00000| Untracked 
| 200|0x000000070dc00000, 0x000000070dc00000, 0x000000070dd00000|  0%| F|  |TAMS 0x000000070dc00000, 0x000000070dc00000| Untracked 
| 201|0x000000070dd00000, 0x000000070dd00000, 0x000000070de00000|  0%| F|  |TAMS 0x000000070dd00000, 0x000000070dd00000| Untracked 
| 202|0x000000070de00000, 0x000000070de00000, 0x000000070df00000|  0%| F|  |TAMS 0x000000070de00000, 0x000000070de00000| Untracked 
| 203|0x000000070df00000, 0x000000070df00000, 0x000000070e000000|  0%| F|  |TAMS 0x000000070df00000, 0x000000070df00000| Untracked 
| 204|0x000000070e000000, 0x000000070e000000, 0x000000070e100000|  0%| F|  |TAMS 0x000000070e000000, 0x000000070e000000| Untracked 
| 205|0x000000070e100000, 0x000000070e100000, 0x000000070e200000|  0%| F|  |TAMS 0x000000070e100000, 0x000000070e100000| Untracked 
| 206|0x000000070e200000, 0x000000070e200000, 0x000000070e300000|  0%| F|  |TAMS 0x000000070e200000, 0x000000070e200000| Untracked 
| 207|0x000000070e300000, 0x000000070e300000, 0x000000070e400000|  0%| F|  |TAMS 0x000000070e300000, 0x000000070e300000| Untracked 
| 208|0x000000070e400000, 0x000000070e400000, 0x000000070e500000|  0%| F|  |TAMS 0x000000070e400000, 0x000000070e400000| Untracked 
| 209|0x000000070e500000, 0x000000070e500000, 0x000000070e600000|  0%| F|  |TAMS 0x000000070e500000, 0x000000070e500000| Untracked 
| 210|0x000000070e600000, 0x000000070e600000, 0x000000070e700000|  0%| F|  |TAMS 0x000000070e600000, 0x000000070e600000| Untracked 
| 211|0x000000070e700000, 0x000000070e700000, 0x000000070e800000|  0%| F|  |TAMS 0x000000070e700000, 0x000000070e700000| Untracked 
| 212|0x000000070e800000, 0x000000070e800000, 0x000000070e900000|  0%| F|  |TAMS 0x000000070e800000, 0x000000070e800000| Untracked 
| 213|0x000000070e900000, 0x000000070e900000, 0x000000070ea00000|  0%| F|  |TAMS 0x000000070e900000, 0x000000070e900000| Untracked 
| 214|0x000000070ea00000, 0x000000070ea00000, 0x000000070eb00000|  0%| F|  |TAMS 0x000000070ea00000, 0x000000070ea00000| Untracked 
| 215|0x000000070eb00000, 0x000000070eb00000, 0x000000070ec00000|  0%| F|  |TAMS 0x000000070eb00000, 0x000000070eb00000| Untracked 
| 216|0x000000070ec00000, 0x000000070ec00000, 0x000000070ed00000|  0%| F|  |TAMS 0x000000070ec00000, 0x000000070ec00000| Untracked 
| 217|0x000000070ed00000, 0x000000070ed00000, 0x000000070ee00000|  0%| F|  |TAMS 0x000000070ed00000, 0x000000070ed00000| Untracked 
| 218|0x000000070ee00000, 0x000000070ee00000, 0x000000070ef00000|  0%| F|  |TAMS 0x000000070ee00000, 0x000000070ee00000| Untracked 
| 219|0x000000070ef00000, 0x000000070ef00000, 0x000000070f000000|  0%| F|  |TAMS 0x000000070ef00000, 0x000000070ef00000| Untracked 
| 220|0x000000070f000000, 0x000000070f000000, 0x000000070f100000|  0%| F|  |TAMS 0x000000070f000000, 0x000000070f000000| Untracked 
| 221|0x000000070f100000, 0x000000070f100000, 0x000000070f200000|  0%| F|  |TAMS 0x000000070f100000, 0x000000070f100000| Untracked 
| 222|0x000000070f200000, 0x000000070f200000, 0x000000070f300000|  0%| F|  |TAMS 0x000000070f200000, 0x000000070f200000| Untracked 
| 223|0x000000070f300000, 0x000000070f300000, 0x000000070f400000|  0%| F|  |TAMS 0x000000070f300000, 0x000000070f300000| Untracked 
| 224|0x000000070f400000, 0x000000070f400000, 0x000000070f500000|  0%| F|  |TAMS 0x000000070f400000, 0x000000070f400000| Untracked 
| 225|0x000000070f500000, 0x000000070f500000, 0x000000070f600000|  0%| F|  |TAMS 0x000000070f500000, 0x000000070f500000| Untracked 
| 226|0x000000070f600000, 0x000000070f600000, 0x000000070f700000|  0%| F|  |TAMS 0x000000070f600000, 0x000000070f600000| Untracked 
| 227|0x000000070f700000, 0x000000070f700000, 0x000000070f800000|  0%| F|  |TAMS 0x000000070f700000, 0x000000070f700000| Untracked 
| 228|0x000000070f800000, 0x000000070f800000, 0x000000070f900000|  0%| F|  |TAMS 0x000000070f800000, 0x000000070f800000| Untracked 
| 229|0x000000070f900000, 0x000000070f900000, 0x000000070fa00000|  0%| F|  |TAMS 0x000000070f900000, 0x000000070f900000| Untracked 
| 230|0x000000070fa00000, 0x000000070fa00000, 0x000000070fb00000|  0%| F|  |TAMS 0x000000070fa00000, 0x000000070fa00000| Untracked 
| 231|0x000000070fb00000, 0x000000070fb00000, 0x000000070fc00000|  0%| F|  |TAMS 0x000000070fb00000, 0x000000070fb00000| Untracked 
| 232|0x000000070fc00000, 0x000000070fc00000, 0x000000070fd00000|  0%| F|  |TAMS 0x000000070fc00000, 0x000000070fc00000| Untracked 
| 233|0x000000070fd00000, 0x000000070fd00000, 0x000000070fe00000|  0%| F|  |TAMS 0x000000070fd00000, 0x000000070fd00000| Untracked 
| 234|0x000000070fe00000, 0x000000070fe00000, 0x000000070ff00000|  0%| F|  |TAMS 0x000000070fe00000, 0x000000070fe00000| Untracked 
| 235|0x000000070ff00000, 0x000000070ff00000, 0x0000000710000000|  0%| F|  |TAMS 0x000000070ff00000, 0x000000070ff00000| Untracked 
| 236|0x0000000710000000, 0x0000000710000000, 0x0000000710100000|  0%| F|  |TAMS 0x0000000710000000, 0x0000000710000000| Untracked 
| 237|0x0000000710100000, 0x0000000710100000, 0x0000000710200000|  0%| F|  |TAMS 0x0000000710100000, 0x0000000710100000| Untracked 
| 238|0x0000000710200000, 0x0000000710200000, 0x0000000710300000|  0%| F|  |TAMS 0x0000000710200000, 0x0000000710200000| Untracked 
| 239|0x0000000710300000, 0x0000000710300000, 0x0000000710400000|  0%| F|  |TAMS 0x0000000710300000, 0x0000000710300000| Untracked 
| 240|0x0000000710400000, 0x0000000710400000, 0x0000000710500000|  0%| F|  |TAMS 0x0000000710400000, 0x0000000710400000| Untracked 
| 241|0x0000000710500000, 0x0000000710500000, 0x0000000710600000|  0%| F|  |TAMS 0x0000000710500000, 0x0000000710500000| Untracked 
| 242|0x0000000710600000, 0x0000000710600000, 0x0000000710700000|  0%| F|  |TAMS 0x0000000710600000, 0x0000000710600000| Untracked 
| 243|0x0000000710700000, 0x0000000710700000, 0x0000000710800000|  0%| F|  |TAMS 0x0000000710700000, 0x0000000710700000| Untracked 
| 244|0x0000000710800000, 0x0000000710800000, 0x0000000710900000|  0%| F|  |TAMS 0x0000000710800000, 0x0000000710800000| Untracked 
| 245|0x0000000710900000, 0x0000000710900000, 0x0000000710a00000|  0%| F|  |TAMS 0x0000000710900000, 0x0000000710900000| Untracked 
| 246|0x0000000710a00000, 0x0000000710a00000, 0x0000000710b00000|  0%| F|  |TAMS 0x0000000710a00000, 0x0000000710a00000| Untracked 
| 247|0x0000000710b00000, 0x0000000710b00000, 0x0000000710c00000|  0%| F|  |TAMS 0x0000000710b00000, 0x0000000710b00000| Untracked 
| 248|0x0000000710c00000, 0x0000000710c00000, 0x0000000710d00000|  0%| F|  |TAMS 0x0000000710c00000, 0x0000000710c00000| Untracked 
| 249|0x0000000710d00000, 0x0000000710d00000, 0x0000000710e00000|  0%| F|  |TAMS 0x0000000710d00000, 0x0000000710d00000| Untracked 
| 250|0x0000000710e00000, 0x0000000710e00000, 0x0000000710f00000|  0%| F|  |TAMS 0x0000000710e00000, 0x0000000710e00000| Untracked 
| 251|0x0000000710f00000, 0x0000000710f00000, 0x0000000711000000|  0%| F|  |TAMS 0x0000000710f00000, 0x0000000710f00000| Untracked 
| 252|0x0000000711000000, 0x0000000711000000, 0x0000000711100000|  0%| F|  |TAMS 0x0000000711000000, 0x0000000711000000| Untracked 
| 253|0x0000000711100000, 0x0000000711100000, 0x0000000711200000|  0%| F|  |TAMS 0x0000000711100000, 0x0000000711100000| Untracked 
| 254|0x0000000711200000, 0x0000000711200000, 0x0000000711300000|  0%| F|  |TAMS 0x0000000711200000, 0x0000000711200000| Untracked 
| 255|0x0000000711300000, 0x0000000711300000, 0x0000000711400000|  0%| F|  |TAMS 0x0000000711300000, 0x0000000711300000| Untracked 

Card table byte_map: [0x0000020a79e80000,0x0000020a7a680000] _byte_map_base: 0x0000020a76676000

Marking Bits (Prev, Next): (CMBitMap*) 0x0000020a62af3a40, (CMBitMap*) 0x0000020a62af3a08
 Prev Bits: [0x0000020a00000000, 0x0000020a03fb0000)
 Next Bits: [0x0000020a7ae80000, 0x0000020a7ee30000)

Polling page: 0x0000020a60830000

Metaspace:

Usage:
  Non-class:     55.25 MB capacity,    54.31 MB ( 98%) used,   757.63 KB (  1%) free+waste,   199.75 KB ( <1%) overhead. 
      Class:      9.20 MB capacity,     8.53 MB ( 93%) used,   588.27 KB (  6%) free+waste,   103.06 KB (  1%) overhead. 
       Both:     64.45 MB capacity,    62.84 MB ( 98%) used,     1.31 MB (  2%) free+waste,   302.81 KB ( <1%) overhead. 

Virtual space:
  Non-class space:       68.00 MB reserved,      55.25 MB ( 81%) committed 
      Class space:        1.00 GB reserved,       9.25 MB ( <1%) committed 
             Both:        1.07 GB reserved,      64.50 MB (  6%) committed 

Chunk freelists:
   Non-Class:  128 bytes
       Class:  2.13 KB
        Both:  2.25 KB

CodeHeap 'non-profiled nmethods': size=238336Kb used=8668Kb max_used=8668Kb free=229667Kb
 bounds [0x0000020a6a870000, 0x0000020a6b0f0000, 0x0000020a79130000]
CodeHeap 'non-nmethods': size=7424Kb used=1262Kb max_used=1262Kb free=6162Kb
 bounds [0x0000020a6a130000, 0x0000020a6a3a0000, 0x0000020a6a870000]
 total_blobs=6015 nmethods=5380 adapters=560
 compilation: enabled
              stopped_count=0, restarted_count=0
 full_count=0

Compilation events (10 events):
Event: 8.441 Thread 0x0000020a7fcf6000 5376       1       org.springframework.core.ResolvableType::forMethodParameter (9 bytes)
Event: 8.442 Thread 0x0000020a7fcf6000 nmethod 5376 0x0000020a6b0e5910 code [0x0000020a6b0e5ac0, 0x0000020a6b0e5c58]
Event: 8.442 Thread 0x0000020a7fcf6000 5377       1       org.springframework.core.ResolvableType::forMethodParameter (16 bytes)
Event: 8.442 Thread 0x0000020a7fcf6000 nmethod 5377 0x0000020a6b0e5d90 code [0x0000020a6b0e5f40, 0x0000020a6b0e60d8]
Event: 8.442 Thread 0x0000020a7fcf6000 5378       1       sun.reflect.generics.scope.AbstractScope::getRecvr (5 bytes)
Event: 8.442 Thread 0x0000020a7fcf6000 nmethod 5378 0x0000020a6b0e6210 code [0x0000020a6b0e63a0, 0x0000020a6b0e6458]
Event: 8.442 Thread 0x0000020a7fcf6000 5379       1       org.springframework.core.convert.TypeDescriptor::annotationsMatch (66 bytes)
Event: 8.443 Thread 0x0000020a7fcf6000 nmethod 5379 0x0000020a6b0e6510 code [0x0000020a6b0e66e0, 0x0000020a6b0e6ac8]
Event: 8.443 Thread 0x0000020a7fcf6000 5380       1       jdk.internal.misc.VM::isSystemDomainLoader (17 bytes)
Event: 8.443 Thread 0x0000020a7fcf6000 nmethod 5380 0x0000020a6b0e6d90 code [0x0000020a6b0e6f40, 0x0000020a6b0e7158]

GC Heap History (10 events):
Event: 3.844 GC heap before
{Heap before GC invocations=6 (full 0):
 garbage-first heap   total 262144K, used 87967K [0x0000000701400000, 0x0000000800000000)
  region size 1024K, 78 young (79872K), 6 survivors (6144K)
 Metaspace       used 34706K, capacity 35821K, committed 35840K, reserved 1081344K
  class space    used 4514K, capacity 4973K, committed 4992K, reserved 1048576K
}
Event: 3.850 GC heap after
{Heap after GC invocations=7 (full 0):
 garbage-first heap   total 262144K, used 17421K [0x0000000701400000, 0x0000000800000000)
  region size 1024K, 8 young (8192K), 8 survivors (8192K)
 Metaspace       used 34706K, capacity 35821K, committed 35840K, reserved 1081344K
  class space    used 4514K, capacity 4973K, committed 4992K, reserved 1048576K
}
Event: 6.217 GC heap before
{Heap before GC invocations=8 (full 0):
 garbage-first heap   total 262144K, used 141325K [0x0000000701400000, 0x0000000800000000)
  region size 1024K, 129 young (132096K), 8 survivors (8192K)
 Metaspace       used 48487K, capacity 49974K, committed 50176K, reserved 1093632K
  class space    used 6196K, capacity 6793K, committed 6912K, reserved 1048576K
}
Event: 6.224 GC heap after
{Heap after GC invocations=9 (full 0):
 garbage-first heap   total 262144K, used 23762K [0x0000000701400000, 0x0000000800000000)
  region size 1024K, 14 young (14336K), 14 survivors (14336K)
 Metaspace       used 48487K, capacity 49974K, committed 50176K, reserved 1093632K
  class space    used 6196K, capacity 6793K, committed 6912K, reserved 1048576K
}
Event: 7.301 GC heap before
{Heap before GC invocations=9 (full 0):
 garbage-first heap   total 262144K, used 166098K [0x0000000701400000, 0x0000000800000000)
  region size 1024K, 153 young (156672K), 14 survivors (14336K)
 Metaspace       used 56219K, capacity 57783K, committed 57984K, reserved 1099776K
  class space    used 7444K, capacity 8052K, committed 8064K, reserved 1048576K
}
Event: 7.310 GC heap after
{Heap after GC invocations=10 (full 0):
 garbage-first heap   total 262144K, used 25741K [0x0000000701400000, 0x0000000800000000)
  region size 1024K, 12 young (12288K), 12 survivors (12288K)
 Metaspace       used 56219K, capacity 57783K, committed 57984K, reserved 1099776K
  class space    used 7444K, capacity 8052K, committed 8064K, reserved 1048576K
}
Event: 7.621 GC heap before
{Heap before GC invocations=10 (full 0):
 garbage-first heap   total 262144K, used 67725K [0x0000000701400000, 0x0000000800000000)
  region size 1024K, 54 young (55296K), 12 survivors (12288K)
 Metaspace       used 58497K, capacity 60060K, committed 60160K, reserved 1101824K
  class space    used 7775K, capacity 8407K, committed 8448K, reserved 1048576K
}
Event: 7.628 GC heap after
{Heap after GC invocations=11 (full 0):
 garbage-first heap   total 262144K, used 26811K [0x0000000701400000, 0x0000000800000000)
  region size 1024K, 10 young (10240K), 10 survivors (10240K)
 Metaspace       used 58497K, capacity 60060K, committed 60160K, reserved 1101824K
  class space    used 7775K, capacity 8407K, committed 8448K, reserved 1048576K
}
Event: 8.516 GC heap before
{Heap before GC invocations=12 (full 0):
 garbage-first heap   total 262144K, used 122043K [0x0000000701400000, 0x0000000800000000)
  region size 1024K, 104 young (106496K), 10 survivors (10240K)
 Metaspace       used 64349K, capacity 65998K, committed 66048K, reserved 1116160K
  class space    used 8731K, capacity 9423K, committed 9472K, reserved 1048576K
}
Event: 8.522 GC heap after
{Heap after GC invocations=13 (full 0):
 garbage-first heap   total 262144K, used 28555K [0x0000000701400000, 0x0000000800000000)
  region size 1024K, 12 young (12288K), 12 survivors (12288K)
 Metaspace       used 64349K, capacity 65998K, committed 66048K, reserved 1116160K
  class space    used 8731K, capacity 9423K, committed 9472K, reserved 1048576K
}

Deoptimization events (0 events):
No events

Classes redefined (0 events):
No events

Internal exceptions (10 events):
Event: 8.375 Thread 0x0000020a62a8f000 Exception <a 'java/lang/ClassNotFoundException'{0x000000070c00e860}: org/springframework/beans/factory/BeanFactoryAwareCustomizer> (0x000000070c00e860) thrown at [./open/src/hotspot/share/classfile/systemDictionary.cpp, line 226]
Event: 8.376 Thread 0x0000020a62a8f000 Exception <a 'java/lang/ClassNotFoundException'{0x000000070c036e90}: org/springframework/beans/factory/AwareCustomizer> (0x000000070c036e90) thrown at [./open/src/hotspot/share/classfile/systemDictionary.cpp, line 226]
Event: 8.376 Thread 0x0000020a62a8f000 Exception <a 'java/lang/ClassNotFoundException'{0x000000070c064560}: org/springframework/context/ApplicationEventPublisherAwareCustomizer> (0x000000070c064560) thrown at [./open/src/hotspot/share/classfile/systemDictionary.cpp, line 226]
Event: 8.377 Thread 0x0000020a62a8f000 Exception <a 'java/lang/ClassNotFoundException'{0x000000070c08d030}: org/springframework/beans/factory/AwareCustomizer> (0x000000070c08d030) thrown at [./open/src/hotspot/share/classfile/systemDictionary.cpp, line 226]
Event: 8.380 Thread 0x0000020a62a8f000 Exception <a 'java/lang/ClassNotFoundException'{0x000000070c0e59a8}: java/lang/ObjectCustomizer> (0x000000070c0e59a8) thrown at [./open/src/hotspot/share/classfile/systemDictionary.cpp, line 226]
Event: 8.380 Thread 0x0000020a62a8f000 Exception <a 'java/lang/ClassNotFoundException'{0x000000070bf16c58}: org/springframework/core/io/support/PropertiesLoaderSupportCustomizer> (0x000000070bf16c58) thrown at [./open/src/hotspot/share/classfile/systemDictionary.cpp, line 226]
Event: 8.381 Thread 0x0000020a62a8f000 Exception <a 'java/lang/ClassNotFoundException'{0x000000070bf4e1b8}: org/springframework/beans/factory/config/PropertiesFactoryBeanCustomizer> (0x000000070bf4e1b8) thrown at [./open/src/hotspot/share/classfile/systemDictionary.cpp, line 226]
Event: 8.382 Thread 0x0000020a62a8f000 Exception <a 'java/lang/ClassNotFoundException'{0x000000070bf88308}: org/springframework/beans/factory/FactoryBeanCustomizer> (0x000000070bf88308) thrown at [./open/src/hotspot/share/classfile/systemDictionary.cpp, line 226]
Event: 8.382 Thread 0x0000020a62a8f000 Exception <a 'java/lang/ClassNotFoundException'{0x000000070bfb5928}: org/springframework/beans/factory/InitializingBeanCustomizer> (0x000000070bfb5928) thrown at [./open/src/hotspot/share/classfile/systemDictionary.cpp, line 226]
Event: 8.452 Thread 0x0000020a62a8f000 Exception <a 'java/lang/IncompatibleClassChangeError'{0x000000070b313cc0}: Found class java.lang.Object, but interface was expected> (0x000000070b313cc0) thrown at [./open/src/hotspot/share/interpreter/linkResolver.cpp, line 838]

Events (10 events):
Event: 8.512 loading class org/hibernate/resource/transaction/LocalSynchronizationException done
Event: 8.512 loading class org/hibernate/internal/CoreMessageLogger_$logger_ko_KR
Event: 8.512 loading class org/hibernate/internal/CoreMessageLogger_$logger_ko_KR done
Event: 8.512 loading class org/hibernate/internal/CoreMessageLogger_$logger_ko
Event: 8.512 loading class org/hibernate/internal/CoreMessageLogger_$logger_ko done
Event: 8.513 loading class org/hibernate/engine/internal/StatefulPersistenceContext
Event: 8.513 loading class org/hibernate/engine/internal/StatefulPersistenceContext done
Event: 8.515 loading class org/hibernate/engine/spi/PersistenceContext$NaturalIdHelper
Event: 8.515 loading class org/hibernate/engine/spi/PersistenceContext$NaturalIdHelper done
Event: 8.516 Executing VM operation: CollectForMetadataAllocation


Dynamic libraries:
0x00007ff6bdde0000 - 0x00007ff6bddef000 	C:\Program Files\Java\jdk-11.0.16.1\bin\javaw.exe
0x00007ff875230000 - 0x00007ff875428000 	C:\WINDOWS\SYSTEM32\ntdll.dll
0x00007ff875050000 - 0x00007ff87510f000 	C:\WINDOWS\System32\KERNEL32.DLL
0x00007ff872e20000 - 0x00007ff8730f2000 	C:\WINDOWS\System32\KERNELBASE.dll
0x00007ff872a80000 - 0x00007ff872b80000 	C:\WINDOWS\System32\ucrtbase.dll
0x00007ff86de10000 - 0x00007ff86de25000 	C:\Program Files\Java\jdk-11.0.16.1\bin\VCRUNTIME140.dll
0x00007ff86db50000 - 0x00007ff86db68000 	C:\Program Files\Java\jdk-11.0.16.1\bin\jli.dll
0x00007ff874fa0000 - 0x00007ff87504e000 	C:\WINDOWS\System32\ADVAPI32.dll
0x00007ff874000000 - 0x00007ff87409e000 	C:\WINDOWS\System32\msvcrt.dll
0x00007ff8741f0000 - 0x00007ff87428c000 	C:\WINDOWS\System32\sechost.dll
0x00007ff874720000 - 0x00007ff874845000 	C:\WINDOWS\System32\RPCRT4.dll
0x00007ff873e50000 - 0x00007ff873ff1000 	C:\WINDOWS\System32\USER32.dll
0x00007ff873240000 - 0x00007ff873262000 	C:\WINDOWS\System32\win32u.dll
0x00007ff8743b0000 - 0x00007ff8743db000 	C:\WINDOWS\System32\GDI32.dll
0x00007ff872d10000 - 0x00007ff872e1f000 	C:\WINDOWS\System32\gdi32full.dll
0x00007ff8731a0000 - 0x00007ff87323d000 	C:\WINDOWS\System32\msvcp_win.dll
0x00007ff864a90000 - 0x00007ff864d2a000 	C:\WINDOWS\WinSxS\amd64_microsoft.windows.common-controls_6595b64144ccf1df_6.0.19041.1110_none_60b5254171f9507e\COMCTL32.dll
0x00007ff86cd20000 - 0x00007ff86cd2a000 	C:\WINDOWS\SYSTEM32\VERSION.dll
0x00007ff8741b0000 - 0x00007ff8741e2000 	C:\WINDOWS\System32\IMM32.DLL
0x00007ff84b520000 - 0x00007ff84b5bb000 	C:\Program Files\Java\jdk-11.0.16.1\bin\msvcp140.dll
0x00007ff81ab80000 - 0x00007ff81b698000 	C:\Program Files\Java\jdk-11.0.16.1\bin\server\jvm.dll
0x00007ff874190000 - 0x00007ff874198000 	C:\WINDOWS\System32\PSAPI.DLL
0x00007ff867270000 - 0x00007ff867297000 	C:\WINDOWS\SYSTEM32\WINMM.dll
0x00007ff8504c0000 - 0x00007ff8504c9000 	C:\WINDOWS\SYSTEM32\WSOCK32.dll
0x00007ff874e50000 - 0x00007ff874ebb000 	C:\WINDOWS\System32\WS2_32.dll
0x00007ff870800000 - 0x00007ff870812000 	C:\WINDOWS\SYSTEM32\kernel.appcore.dll
0x00007ff870140000 - 0x00007ff870150000 	C:\Program Files\Java\jdk-11.0.16.1\bin\verify.dll
0x00007ff865910000 - 0x00007ff865af4000 	C:\WINDOWS\SYSTEM32\DBGHELP.DLL
0x00007ff85de70000 - 0x00007ff85dea5000 	C:\WINDOWS\SYSTEM32\dbgcore.DLL
0x00007ff872c80000 - 0x00007ff872d02000 	C:\WINDOWS\System32\bcryptPrimitives.dll
0x00007ff86d9f0000 - 0x00007ff86da18000 	C:\Program Files\Java\jdk-11.0.16.1\bin\java.dll
0x00007ff86def0000 - 0x00007ff86defa000 	C:\Program Files\Java\jdk-11.0.16.1\bin\jimage.dll
0x00007ff86d9d0000 - 0x00007ff86d9e6000 	C:\Program Files\Java\jdk-11.0.16.1\bin\zip.dll
0x00007ff873700000 - 0x00007ff873e44000 	C:\WINDOWS\System32\SHELL32.dll
0x00007ff870a00000 - 0x00007ff871192000 	C:\WINDOWS\SYSTEM32\windows.storage.dll
0x00007ff873270000 - 0x00007ff8735c5000 	C:\WINDOWS\System32\combase.dll
0x00007ff872310000 - 0x00007ff872340000 	C:\WINDOWS\SYSTEM32\Wldp.dll
0x00007ff874670000 - 0x00007ff87471d000 	C:\WINDOWS\System32\SHCORE.dll
0x00007ff874900000 - 0x00007ff874955000 	C:\WINDOWS\System32\shlwapi.dll
0x00007ff872860000 - 0x00007ff87287f000 	C:\WINDOWS\SYSTEM32\profapi.dll
0x00007ff86d290000 - 0x00007ff86d2a9000 	C:\Program Files\Java\jdk-11.0.16.1\bin\net.dll
0x00007ff86d5e0000 - 0x00007ff86d6ec000 	C:\WINDOWS\SYSTEM32\WINHTTP.dll
0x00007ff872000000 - 0x00007ff87206a000 	C:\WINDOWS\system32\mswsock.dll
0x00007ff86bc80000 - 0x00007ff86bc92000 	C:\Program Files\Java\jdk-11.0.16.1\bin\nio.dll
0x00007ff86db40000 - 0x00007ff86db49000 	C:\Program Files\Java\jdk-11.0.16.1\bin\management.dll
0x00007ff86d9c0000 - 0x00007ff86d9cb000 	C:\Program Files\Java\jdk-11.0.16.1\bin\management_ext.dll
0x00007ff85cb60000 - 0x00007ff85cb77000 	C:\WINDOWS\system32\napinsp.dll
0x00007ff85bff0000 - 0x00007ff85c00b000 	C:\WINDOWS\system32\pnrpnsp.dll
0x00007ff85bfd0000 - 0x00007ff85bfe5000 	C:\WINDOWS\system32\wshbth.dll
0x00007ff86e330000 - 0x00007ff86e34d000 	C:\WINDOWS\system32\NLAapi.dll
0x00007ff871cf0000 - 0x00007ff871d2b000 	C:\WINDOWS\SYSTEM32\IPHLPAPI.DLL
0x00007ff871d30000 - 0x00007ff871dfa000 	C:\WINDOWS\SYSTEM32\DNSAPI.dll
0x00007ff8741a0000 - 0x00007ff8741a8000 	C:\WINDOWS\System32\NSI.dll
0x00007ff85bfb0000 - 0x00007ff85bfc2000 	C:\WINDOWS\System32\winrnr.dll
0x00007ff869fb0000 - 0x00007ff869fba000 	C:\Windows\System32\rasadhlp.dll
0x00007ff8690b0000 - 0x00007ff869130000 	C:\WINDOWS\System32\fwpuclnt.dll
0x00007ff873100000 - 0x00007ff873127000 	C:\WINDOWS\System32\bcrypt.dll
0x00007ff8721f0000 - 0x00007ff872208000 	C:\WINDOWS\SYSTEM32\CRYPTSP.dll
0x00007ff871920000 - 0x00007ff871954000 	C:\WINDOWS\system32\rsaenh.dll
0x00007ff872820000 - 0x00007ff87284e000 	C:\WINDOWS\SYSTEM32\USERENV.dll
0x00007ff872210000 - 0x00007ff87221c000 	C:\WINDOWS\SYSTEM32\CRYPTBASE.dll
0x00007ff86c3e0000 - 0x00007ff86c3f7000 	C:\WINDOWS\SYSTEM32\dhcpcsvc6.DLL
0x00007ff86c3c0000 - 0x00007ff86c3dd000 	C:\WINDOWS\SYSTEM32\dhcpcsvc.DLL
0x00007ff86bc70000 - 0x00007ff86bc7d000 	C:\Program Files\Java\jdk-11.0.16.1\bin\sunmscapi.dll
0x00007ff872920000 - 0x00007ff872a76000 	C:\WINDOWS\System32\CRYPT32.dll
0x00007ff872380000 - 0x00007ff8723a7000 	C:\WINDOWS\SYSTEM32\ncrypt.dll
0x00007ff872340000 - 0x00007ff87237b000 	C:\WINDOWS\SYSTEM32\NTASN1.dll
0x00007ff86bc40000 - 0x00007ff86bc65000 	C:\Program Files\Java\jdk-11.0.16.1\bin\sunec.dll

dbghelp: loaded successfully - version: 4.0.5 - missing functions: none
symbol engine: initialized successfully - sym options: 0x614 - pdb path: .;C:\Program Files\Java\jdk-11.0.16.1\bin;C:\WINDOWS\SYSTEM32;C:\WINDOWS\WinSxS\amd64_microsoft.windows.common-controls_6595b64144ccf1df_6.0.19041.1110_none_60b5254171f9507e;C:\Program Files\Java\jdk-11.0.16.1\bin\server

VM Arguments:
jvm_args: -Dcom.sun.management.jmxremote -Dcom.sun.management.jmxremote.port=63480 -Dcom.sun.management.jmxremote.authenticate=false -Dcom.sun.management.jmxremote.ssl=false -Djava.rmi.server.hostname=localhost -Dspring.jmx.enabled=true -Dmanagement.endpoints.jmx.exposure.include=* -Dspring.application.admin.enabled=true -XX:TieredStopAtLevel=1 -Dspring.boot.project.name=finalproject -Dfile.encoding=UTF-8 
java_command: com.mulcam.finalproject.FinalprojectApplication --spring.output.ansi.enabled=always
java_class_path (initial): D:\1.\FinalProject\finalproject\target\classes;C:\Users\qwerr\.m2\repository\org\apache\tomcat\embed\tomcat-embed-jasper\9.0.71\tomcat-embed-jasper-9.0.71.jar;C:\Users\qwerr\.m2\repository\org\apache\tomcat\embed\tomcat-embed-core\9.0.71\tomcat-embed-core-9.0.71.jar;C:\Users\qwerr\.m2\repository\org\apache\tomcat\tomcat-annotations-api\9.0.71\tomcat-annotations-api-9.0.71.jar;C:\Users\qwerr\.m2\repository\org\apache\tomcat\embed\tomcat-embed-el\9.0.71\tomcat-embed-el-9.0.71.jar;C:\Users\qwerr\.m2\repository\org\eclipse\jdt\ecj\3.26.0\ecj-3.26.0.jar;C:\Users\qwerr\.m2\repository\javax\servlet\jstl\1.2\jstl-1.2.jar;C:\Users\qwerr\.m2\repository\org\projectlombok\lombok\1.18.24\lombok-1.18.24.jar;C:\Users\qwerr\.m2\repository\org\springframework\boot\spring-boot-starter-web\2.7.8\spring-boot-starter-web-2.7.8.jar;C:\Users\qwerr\.m2\repository\org\springframework\boot\spring-boot-starter\2.7.8\spring-boot-starter-2.7.8.jar;C:\Users\qwerr\.m2\repository\org\springframework\boot\spring-boot\2.7.8\spring-boot-2.7.8.jar;C:\Users\qwerr\.m2\repository\org\springframework\boot\spring-boot-autoconfigure\2.7.8\spring-boot-autoconfigure-2.7.8.jar;C:\Users\qwerr\.m2\repository\org\springframework\boot\spring-boot-starter-logging\2.7.8\spring-boot-starter-logging-2.7.8.jar;C:\Users\qwerr\.m2\repository\ch\qos\logback\logback-classic\1.2.11\logback-classic-1.2.11.jar;C:\Users\qwerr\.m2\repository\ch\qos\logback\logback-core\1.2.11\logback-core-1.2.11.jar;C:\Users\qwerr\.m2\repository\org\apache\logging\log4j\log4j-to-slf4j\2.17.2\log4j-to-slf4j-2.17.2.jar;C:\Users\qwerr\.m2\repository\org\apache\logging\log4j\log4j-api\2.17.2\log4j-api-2.17.2.jar;C:\Users\qwerr\.m2\repository\org\slf4j\jul-to-slf4j\1.7.36\jul-to-slf4j-1.7.36.jar;C:\Users\qwerr\.m2\repository\org\yaml\snakeyaml\1.30\snakeyaml-1.30.jar;C:\Users\qwerr\.m2\repository\org\springframework\boot\spring-boot-starter-json\2.7.8\spring-boot-starter-json-2.7.8.jar;C:\Users\qwerr\.m2\reposito
Launcher Type: SUN_STANDARD

[Global flags]
     intx CICompilerCount                          = 4                                         {product} {ergonomic}
     uint ConcGCThreads                            = 3                                         {product} {ergonomic}
     uint G1ConcRefinementThreads                  = 10                                        {product} {ergonomic}
   size_t G1HeapRegionSize                         = 1048576                                   {product} {ergonomic}
    uintx GCDrainStackTargetSize                   = 64                                        {product} {ergonomic}
   size_t InitialHeapSize                          = 268435456                                 {product} {ergonomic}
     bool ManagementServer                         = true                                      {product} {command line}
   size_t MarkStackSize                            = 4194304                                   {product} {ergonomic}
   size_t MaxHeapSize                              = 4273995776                                {product} {ergonomic}
   size_t MaxNewSize                               = 2563768320                                {product} {ergonomic}
   size_t MinHeapDeltaBytes                        = 1048576                                   {product} {ergonomic}
    uintx NonNMethodCodeHeapSize                   = 7549744                                {pd product} {ergonomic}
    uintx NonProfiledCodeHeapSize                  = 244108496                              {pd product} {ergonomic}
    uintx ProfiledCodeHeapSize                     = 0                                      {pd product} {ergonomic}
    uintx ReservedCodeCacheSize                    = 251658240                              {pd product} {ergonomic}
     bool SegmentedCodeCache                       = true                                      {product} {ergonomic}
     intx TieredStopAtLevel                        = 1                                         {product} {command line}
     bool UseCompressedClassPointers               = true                                 {lp64_product} {ergonomic}
     bool UseCompressedOops                        = true                                 {lp64_product} {ergonomic}
     bool UseG1GC                                  = true                                      {product} {ergonomic}
     bool UseLargePagesIndividualAllocation        = false                                  {pd product} {ergonomic}

Logging:
Log output configuration:
 #0: stdout all=warning uptime,level,tags
 #1: stderr all=off uptime,level,tags

Environment Variables:
JAVA_HOME=C:\Program Files\Java\jdk-11.0.16.1
PATH=D:/1./Multicampus/4. DevTool/sts-4.17.0.RELEASE//plugins/org.eclipse.justj.openjdk.hotspot.jre.full.win32.x86_64_17.0.5.v20221102-0933/jre/bin/server;D:/1./Multicampus/4. DevTool/sts-4.17.0.RELEASE//plugins/org.eclipse.justj.openjdk.hotspot.jre.full.win32.x86_64_17.0.5.v20221102-0933/jre/bin;%JAVE_HOME%\bin;C:\WINDOWS\system32;C:\WINDOWS;C:\WINDOWS\System32\Wbem;C:\WINDOWS\System32\WindowsPowerShell\v1.0\;C:\WINDOWS\System32\OpenSSH\;C:\Program Files (x86)\NVIDIA Corporation\PhysX\Common;C:\Program Files\Git\cmd;C:\Program Files\MySQL\MySQL Server 8.0\bin;C:\Program Files\nodejs\;C:\Program Files\GitHub CLI\;C:\Users\qwerr\AppData\Local\Microsoft\WindowsApps;C:\Users\qwerr\AppData\Local\Programs\Microsoft VS Code\bin;C:\Users\qwerr\AppData\Local\afreeca;C:\Program Files\JetBrains\IntelliJ IDEA Community Edition 2022.2.3\bin;;C:\Users\qwerr\AppData\Roaming\npm;C:\Program Files\Java\jdk-11.0.16.1\bin;;D:\1.\Multicampus\4. DevTool\sts-4.17.0.RELEASE;
USERNAME=qwerr
OS=Windows_NT
PROCESSOR_IDENTIFIER=Intel64 Family 6 Model 165 Stepping 5, GenuineIntel



---------------  S Y S T E M  ---------------

OS: Windows 10 , 64 bit Build 19041 (10.0.19041.2364)

CPU:total 12 (initial active 12) (6 cores per cpu, 2 threads per core) family 6 model 165 stepping 5 microcode 0xc8, cmov, cx8, fxsr, mmx, sse, sse2, sse3, ssse3, sse4.1, sse4.2, popcnt, avx, avx2, aes, clmul, erms, 3dnowpref, lzcnt, ht, tsc, tscinvbit, bmi1, bmi2, adx, fma

Memory: 4k page, system-wide physical 16296M (55M free)
TotalPageFile size 46024M (AvailPageFile size 0M)
current process WorkingSet (physical memory assigned to process): 312M, peak: 312M
current process commit charge ("private bytes"): 441M, peak: 442M

vm_info: Java HotSpot(TM) 64-Bit Server VM (11.0.16.1+1-LTS-1) for windows-amd64 JRE (11.0.16.1+1-LTS-1), built on Aug 16 2022 01:46:01 by "mach5one" with MS VC++ 15.9 (VS2017)

END.
